INFO    : Since no target was supplied, we will use "web".

INFO    : Building target web
INFO    : XSL conversion of /Users/aarongreicius/336-2/source/main.ptx by /Users/aarongreicius/.ptx/2.37.1/core/xsl/utilities/pretext-enhanced-source.xsl
INFO    : successful application of /Users/aarongreicius/.ptx/2.37.1/core/xsl/utilities/pretext-enhanced-source.xsl
INFO    : Generating any needed assets.
INFO    : Finished generating assets.

INFO    : Preparing to build into /Users/aarongreicius/336-2/output/web.
INFO    : discovering source file's directory name: /Users/aarongreicius/336-2/source
INFO    : verifying and expanding input directory: /Users/aarongreicius/336-2/source/../generated-assets
INFO    : input directory expanded to absolute path: /Users/aarongreicius/336-2/generated-assets
INFO    : verifying and expanding input directory: /Users/aarongreicius/336-2/source/../assets
INFO    : input directory expanded to absolute path: /Users/aarongreicius/336-2/assets
INFO    : discovering source file's directory name: /Users/aarongreicius/336-2/source
INFO    : XSL conversion of /Users/aarongreicius/336-2/source/main.ptx by /Users/aarongreicius/.ptx/2.37.1/core/xsl/utilities/report-publisher-variables.xsl
INFO    : successful application of /Users/aarongreicius/.ptx/2.37.1/core/xsl/utilities/report-publisher-variables.xsl
INFO    : Downloading rs services file from https://runestone.academy/cdn/runestone/latest/webpack_static_imports.xml.
INFO    : Runestone Services via online CDN query: version 7.11.19
INFO    : Downloading Runestone Services, version 7.11.19
INFO    : Extracting Runestone Services from archive file
INFO    : Building custom css theme: theme-default-modern
INFO    : converting /Users/aarongreicius/336-2/source/main.ptx to HTML in /var/folders/vf/249gtxvd4vx_hxghhwymxyq00000gr/T/ptx-gbrxrs_c
INFO    : XSL conversion of /Users/aarongreicius/336-2/source/main.ptx by /Users/aarongreicius/.ptx/2.37.1/core/xsl/pretext-html.xsl
INFO    : messages from the log for XSL processing:
ERROR   : * PTX:ERROR: the @xml:id value "c_foundations" should be unique, but is authored multiple times.
INFO    : *            Results will be unpredictable, and likely incorrect.  Information on the locations follows:
INFO    : *              located within: "c_foundations" (xml:id), "Foundations" (title)
INFO    : *              located within: "c_foundations" (xml:id), "Math 336-2" (title)
INFO    : * PTX:INFO:   checking all deprecated elements.
INFO    : successful application of /Users/aarongreicius/.ptx/2.37.1/core/xsl/pretext-html.xsl
INFO    : Removing temporary directory /var/folders/vf/249gtxvd4vx_hxghhwymxyq00000gr/T/ptx-gbrxrs_c
INFO    : Removing temporary directory /var/folders/vf/249gtxvd4vx_hxghhwymxyq00000gr/T/ptx-jh6041rx
INFO    : 
Finished build for target web. Run `pretext view web` to see the results.

CRITICAL: There were errors during the build.  See above.
INFO    : ------------------------
CRITICAL: Failed to build without errors.  Exiting...
INFO    : 
----------------------------------------------------
INFO    : While running pretext, the following errors occurred:

INFO    : (see log messages above or in the 'logs' folder for more information)
INFO    : ----------------------------------------------------
