INFO    : Since no target was supplied, we will use "web".

INFO    : Building target web
INFO    : XSL conversion of /Users/aarongreicius/336-2/source/main.ptx by /Users/aarongreicius/.ptx/2.37.1/core/xsl/utilities/pretext-enhanced-source.xsl
INFO    : successful application of /Users/aarongreicius/.ptx/2.37.1/core/xsl/utilities/pretext-enhanced-source.xsl
INFO    : Generating any needed assets.
INFO    : Finished generating assets.

INFO    : Preparing to build into /Users/aarongreicius/336-2/output/web.
INFO    : discovering source file's directory name: /Users/aarongreicius/336-2/source
INFO    : verifying and expanding input directory: /Users/aarongreicius/336-2/source/../generated-assets
INFO    : input directory expanded to absolute path: /Users/aarongreicius/336-2/generated-assets
INFO    : verifying and expanding input directory: /Users/aarongreicius/336-2/source/../assets
INFO    : input directory expanded to absolute path: /Users/aarongreicius/336-2/assets
INFO    : discovering source file's directory name: /Users/aarongreicius/336-2/source
INFO    : XSL conversion of /Users/aarongreicius/336-2/source/main.ptx by /Users/aarongreicius/.ptx/2.37.1/core/xsl/utilities/report-publisher-variables.xsl
INFO    : successful application of /Users/aarongreicius/.ptx/2.37.1/core/xsl/utilities/report-publisher-variables.xsl
INFO    : Downloading rs services file from https://runestone.academy/cdn/runestone/latest/webpack_static_imports.xml.
INFO    : Runestone Services via online CDN query: version 7.11.19
INFO    : Downloading Runestone Services, version 7.11.19
INFO    : Extracting Runestone Services from archive file
INFO    : Building custom css theme: theme-default-modern
INFO    : converting /Users/aarongreicius/336-2/source/main.ptx to HTML in /var/folders/vf/249gtxvd4vx_hxghhwymxyq00000gr/T/ptx-6l93geny
INFO    : XSL conversion of /Users/aarongreicius/336-2/source/main.ptx by /Users/aarongreicius/.ptx/2.37.1/core/xsl/pretext-html.xsl
INFO    : messages from the log for XSL processing:
INFO    : * PTX:INFO:   checking all deprecated elements.
ERROR   : * PTX:ERROR:   a cross-reference ("xref") uses references [cor_mod_ring_ops] that do not point to any target, or perhaps point to multiple targets.  Maybe you typed an @xml:id value wrong, maybe the target of the @xml:id is nonexistent, or maybe you temporarily removed the target from your source, or maybe an auxiliary file contains a duplicate.  Your output will contain some placeholder text that you will not want to distribute to your readers.
INFO    : *              located within: "spec_units_mod_n" (xml:id), "Units modulo n" (title)
ERROR   : * PTX:ERROR:   a cross-reference ("xref") uses references [cor_mod_ring_ops] that do not point to any target, or perhaps point to multiple targets.  Maybe you typed an @xml:id value wrong, maybe the target of the @xml:id is nonexistent, or maybe you temporarily removed the target from your source, or maybe an auxiliary file contains a duplicate.  Your output will contain some placeholder text that you will not want to distribute to your readers.
INFO    : *              located within: "spec_units_mod_n" (xml:id), "Units modulo n" (title)
INFO    : successful application of /Users/aarongreicius/.ptx/2.37.1/core/xsl/pretext-html.xsl
INFO    : Removing temporary directory /var/folders/vf/249gtxvd4vx_hxghhwymxyq00000gr/T/ptx-6l93geny
INFO    : Removing temporary directory /var/folders/vf/249gtxvd4vx_hxghhwymxyq00000gr/T/ptx-d21_1kvi
INFO    : 
Finished build for target web. Run `pretext view web` to see the results.

CRITICAL: There were errors during the build.  See above.
INFO    : ------------------------
CRITICAL: Failed to build without errors.  Exiting...
INFO    : 
----------------------------------------------------
INFO    : While running pretext, the following errors occurred:

INFO    : (see log messages above or in the 'logs' folder for more information)
INFO    : ----------------------------------------------------
